<?xml version="1.0" encoding="UTF-8"?>
<testsuite xmlns:xsi="http://www.w3.org/2001/XMLSchema-instance" xsi:noNamespaceSchemaLocation="https://maven.apache.org/surefire/maven-surefire-plugin/xsd/surefire-test-report-3.0.xsd" version="3.0" name="com.example.springrestapi.controller.ClienteControllerTest" time="1.833" tests="6" errors="0" skipped="0" failures="0">
  <properties>
[...]
</properties>
  <testcase name="listarInvestimentosPorClienteId_deveRetornarStatus404QuandoClienteNaoExistir" classname="com.example.springrestapi.controller.ClienteControllerTest" time="0.079">
    <system-out><![CDATA[16:35:22.959 [main] INFO org.springframework.test.context.support.AnnotationConfigContextLoaderUtils -- Could not detect default configuration classes for test class [com.example.springrestapi.controller.ClienteControllerTest]: ClienteControllerTest does not declare any static, non-private, non-final, nested classes annotated with @Configuration.
16:35:23.088 [main] INFO org.springframework.boot.test.context.SpringBootTestContextBootstrapper -- Found @SpringBootConfiguration com.example.springrestapi.SpringRestApiApplication for test class com.example.springrestapi.controller.ClienteControllerTest

  .   ____          _            __ _ _
 /\\ / ___'_ __ _ _(_)_ __  __ _ \ \ \ \
( ( )\___ | '_ | '_| | '_ \/ _` | \ \ \ \
 \\/  ___)| |_)| | | | | || (_| |  ) ) ) )
  '  |____| .__|_| |_|_| |_\__, | / / / /
 =========|_|==============|___/=/_/_/_/
 :: Spring Boot ::                (v3.1.0)

2025-05-09T16:35:23.396-03:00  INFO 81523 --- [           main] c.e.s.controller.ClienteControllerTest   : Starting ClienteControllerTest using Java 17.0.15 with PID 81523 (started by kledsonbasso in /home/kledsonbasso/source/spring-rest-api)
2025-05-09T16:35:23.397-03:00  INFO 81523 --- [           main] c.e.s.controller.ClienteControllerTest   : No active profile set, falling back to 1 default profile: "default"
2025-05-09T16:35:24.263-03:00  WARN 81523 --- [           main] .s.s.UserDetailsServiceAutoConfiguration : 

Using generated security password: 1f20790f-6d54-4329-9e97-412a9da7eceb

This generated password is for development use only. Your security configuration must be updated before running your application in production.

2025-05-09T16:35:24.357-03:00  INFO 81523 --- [           main] o.s.s.web.DefaultSecurityFilterChain     : Will secure any request with [org.springframework.security.web.session.DisableEncodeUrlFilter@49e7e8f1, org.springframework.security.web.context.request.async.WebAsyncManagerIntegrationFilter@27bb4dc5, org.springframework.security.web.context.SecurityContextHolderFilter@99c4993, org.springframework.security.web.header.HeaderWriterFilter@25a290ee, org.springframework.security.web.csrf.CsrfFilter@2bb717d7, org.springframework.security.web.authentication.logout.LogoutFilter@61ab6521, org.springframework.security.web.authentication.UsernamePasswordAuthenticationFilter@3a5e2525, org.springframework.security.web.authentication.ui.DefaultLoginPageGeneratingFilter@54f2df29, org.springframework.security.web.authentication.ui.DefaultLogoutPageGeneratingFilter@464ede1f, org.springframework.security.web.authentication.www.BasicAuthenticationFilter@2a0963be, org.springframework.security.web.savedrequest.RequestCacheAwareFilter@9729a97, org.springframework.security.web.servletapi.SecurityContextHolderAwareRequestFilter@57e4b86c, org.springframework.security.web.authentication.AnonymousAuthenticationFilter@64910b2d, org.springframework.security.web.access.ExceptionTranslationFilter@1ffd0114, org.springframework.security.web.access.intercept.AuthorizationFilter@54567b05]
2025-05-09T16:35:24.406-03:00  INFO 81523 --- [           main] o.s.b.t.m.w.SpringBootMockServletContext : Initializing Spring TestDispatcherServlet ''
2025-05-09T16:35:24.406-03:00  INFO 81523 --- [           main] o.s.t.web.servlet.TestDispatcherServlet  : Initializing Servlet ''
2025-05-09T16:35:24.408-03:00  INFO 81523 --- [           main] o.s.t.web.servlet.TestDispatcherServlet  : Completed initialization in 2 ms
2025-05-09T16:35:24.432-03:00  INFO 81523 --- [           main] c.e.s.controller.ClienteControllerTest   : Started ClienteControllerTest in 1.294 seconds (process running for 3.198)
2025-05-09T16:35:24.492-03:00  WARN 81523 --- [           main] ocalVariableTableParameterNameDiscoverer : Using deprecated '-debug' fallback for parameter name resolution. Compile the affected code with '-parameters' instead or avoid its introspection: com.example.springrestapi.controller.ClienteController
]]></system-out>
  </testcase>
  <testcase name="listarClientes_deveRetornarStatus200" classname="com.example.springrestapi.controller.ClienteControllerTest" time="0.057"/>
  <testcase name="buscarClientePorId_deveRetornarStatus404QuandoClienteNaoExistir" classname="com.example.springrestapi.controller.ClienteControllerTest" time="0.01"/>
  <testcase name="listarInvestimentosPorClienteId_deveRetornarStatus200QuandoInvestimentosExistirem" classname="com.example.springrestapi.controller.ClienteControllerTest" time="0.018"/>
  <testcase name="buscarClientePorId_deveRetornarStatus200QuandoClienteExistir" classname="com.example.springrestapi.controller.ClienteControllerTest" time="0.01"/>
  <testcase name="listarClientes_deveRetornarStatus401ParaNaoAutenticado" classname="com.example.springrestapi.controller.ClienteControllerTest" time="0.007"/>
</testsuite>